********************************************************************************
*                      Monday, June 19, 2017 11:22:16 PM                       *
********************************************************************************
CSharpCompilerWrapper.exe version: 2.0.3.30
Platform: Windows
Target assembly: Assembly-CSharp.dll
Project directory: C:\Users\keith\Documents\GitHub\CardGameFrontend
Target profile directory: D:\Programs\Unity\Editor\Data\Mono\lib\mono\unity
Unity 'Data' or 'Frameworks' directory: D:/Programs/Unity/Editor/Data
Compiler: Microsoft C# 6.0

- Compilation -----------------------------------------------

Process: C:\Users\keith\Documents\GitHub\CardGameFrontend\CSharp60Support\Roslyn\csc.exe
Arguments: -nostdlib+ -noconfig -nologo -r:"D:\Programs\Unity\Editor\Data\Mono\lib\mono\unity\mscorlib.dll" -r:"D:\Programs\Unity\Editor\Data\Mono\lib\mono\unity\System.dll" -r:"D:\Programs\Unity\Editor\Data\Mono\lib\mono\unity\System.Core.dll" -r:"D:\Programs\Unity\Editor\Data\Mono\lib\mono\unity\System.Xml.dll" @Temp/UnityTempFile-fd3288b0291233d47971250587164a1a 
Exit code: 1
Elapsed time: 0.65 sec

- Compiler output (0 lines):

- Compiler errors (6 lines):
0: error CS2001: Source file 'C:\Users\keith\Documents\GitHub\CardGameFrontend\Assets/CSharp vNext Support/AsyncTools/UnitySynchronizationContext.cs' could not be found.
1: error CS2001: Source file 'C:\Users\keith\Documents\GitHub\CardGameFrontend\Assets/CSharp vNext Support/AsyncTools/AsyncTools.cs' could not be found.
2: error CS2001: Source file 'C:\Users\keith\Documents\GitHub\CardGameFrontend\Assets/CSharp vNext Support/AsyncTools/UnityScheduler.cs' could not be found.
3: error CS2001: Source file 'C:\Users\keith\Documents\GitHub\CardGameFrontend\Assets/CSharp vNext Support/AsyncTools/UnityTaskScheduler.cs' could not be found.
4: error CS2001: Source file 'C:\Users\keith\Documents\GitHub\CardGameFrontend\Assets/CSharp vNext Support/FormattableString/FormattableStringFactory.cs' could not be found.
5: error CS2001: Source file 'C:\Users\keith\Documents\GitHub\CardGameFrontend\Assets/CSharp vNext Support/FormattableString/FormattableString.cs' could not be found.
********************************************************************************
*                      Monday, June 19, 2017 11:22:18 PM                       *
********************************************************************************
CSharpCompilerWrapper.exe version: 2.0.3.30
Platform: Windows
Target assembly: Assembly-CSharp.dll
Project directory: C:\Users\keith\Documents\GitHub\CardGameFrontend
Target profile directory: D:\Programs\Unity\Editor\Data\Mono\lib\mono\unity
Unity 'Data' or 'Frameworks' directory: D:/Programs/Unity/Editor/Data
Compiler: Microsoft C# 6.0

- Compilation -----------------------------------------------

Process: C:\Users\keith\Documents\GitHub\CardGameFrontend\CSharp60Support\Roslyn\csc.exe
Arguments: -nostdlib+ -noconfig -nologo -r:"D:\Programs\Unity\Editor\Data\Mono\lib\mono\unity\mscorlib.dll" -r:"D:\Programs\Unity\Editor\Data\Mono\lib\mono\unity\System.dll" -r:"D:\Programs\Unity\Editor\Data\Mono\lib\mono\unity\System.Core.dll" -r:"D:\Programs\Unity\Editor\Data\Mono\lib\mono\unity\System.Xml.dll" @Temp/UnityTempFile-9484cde906c22f24f8130dcf490231fd 
Exit code: 1
Elapsed time: 0.55 sec

- Compiler output (0 lines):

- Compiler errors (6 lines):
0: error CS2001: Source file 'C:\Users\keith\Documents\GitHub\CardGameFrontend\Assets/CSharp vNext Support/FormattableString/FormattableStringFactory.cs' could not be found.
1: error CS2001: Source file 'C:\Users\keith\Documents\GitHub\CardGameFrontend\Assets/CSharp vNext Support/FormattableString/FormattableString.cs' could not be found.
2: error CS2001: Source file 'C:\Users\keith\Documents\GitHub\CardGameFrontend\Assets/CSharp vNext Support/AsyncTools/UnitySynchronizationContext.cs' could not be found.
3: error CS2001: Source file 'C:\Users\keith\Documents\GitHub\CardGameFrontend\Assets/CSharp vNext Support/AsyncTools/AsyncTools.cs' could not be found.
4: error CS2001: Source file 'C:\Users\keith\Documents\GitHub\CardGameFrontend\Assets/CSharp vNext Support/AsyncTools/UnityTaskScheduler.cs' could not be found.
5: error CS2001: Source file 'C:\Users\keith\Documents\GitHub\CardGameFrontend\Assets/CSharp vNext Support/AsyncTools/UnityScheduler.cs' could not be found.
********************************************************************************
*                      Monday, June 19, 2017 11:22:29 PM                       *
********************************************************************************
CSharpCompilerWrapper.exe version: 2.0.3.30
Platform: Windows
Target assembly: Assembly-CSharp.dll
Project directory: C:\Users\keith\Documents\GitHub\CardGameFrontend
Target profile directory: D:\Programs\Unity\Editor\Data\Mono\lib\mono\unity
Unity 'Data' or 'Frameworks' directory: D:/Programs/Unity/Editor/Data
Compiler: Microsoft C# 6.0

- Compilation -----------------------------------------------

Process: C:\Users\keith\Documents\GitHub\CardGameFrontend\CSharp60Support\Roslyn\csc.exe
Arguments: -nostdlib+ -noconfig -nologo -r:"D:\Programs\Unity\Editor\Data\Mono\lib\mono\unity\mscorlib.dll" -r:"D:\Programs\Unity\Editor\Data\Mono\lib\mono\unity\System.dll" -r:"D:\Programs\Unity\Editor\Data\Mono\lib\mono\unity\System.Core.dll" -r:"D:\Programs\Unity\Editor\Data\Mono\lib\mono\unity\System.Xml.dll" @Temp/UnityTempFile-bc998f05adb876246b18f1bd7505ae92 
Exit code: 0
Elapsed time: 2.85 sec

- Compiler output (0 lines):

- Compiler errors (0 lines):

- PDB to MDB conversion --------------------------------------

Process: C:\Users\keith\Documents\GitHub\CardGameFrontend\CSharp60Support\Roslyn\pdb2mdb.exe
Arguments: Temp\Assembly-CSharp.dll
Exit code: 0
Elapsed time: 0.52 sec

- pdb2mdb.exe output (0 lines):
